# JRE version: OpenJDK Runtime Environment (11.0+28) (build 11+28)
# Java VM: OpenJDK 64-Bit Server VM (11+28, mixed mode, tiered, compressed oops, g1 gc, windows-amd64)
Heap:
 garbage-first heap   total 548864K, used 52211K [0x0000000642400000, 0x0000000800000000)
  region size 1024K, 9 young (9216K), 9 survivors (9216K)
 Metaspace       used 45991K, capacity 46597K, committed 46976K, reserved 1091584K
  class space    used 5409K, capacity 5640K, committed 5760K, reserved 1048576K
GC Heap History (10 events):
Event: 0.348 GC heap after
{Heap after GC invocations=1 (full 0):
 garbage-first heap   total 456704K, used 7503K [0x0000000642400000, 0x0000000800000000)
  region size 1024K, 3 young (3072K), 3 survivors (3072K)
 Metaspace       used 11879K, capacity 11986K, committed 12160K, reserved 1060864K
  class space    used 1065K, capacity 1077K, committed 1152K, reserved 1048576K
}
Event: 0.754 GC heap before
{Heap before GC invocations=1 (full 0):
 garbage-first heap   total 456704K, used 45391K [0x0000000642400000, 0x0000000800000000)
  region size 1024K, 41 young (41984K), 3 survivors (3072K)
 Metaspace       used 20909K, capacity 21197K, committed 21248K, reserved 1069056K
  class space    used 2212K, capacity 2299K, committed 2304K, reserved 1048576K
}
Event: 0.758 GC heap after
{Heap after GC invocations=2 (full 0):
 garbage-first heap   total 456704K, used 11335K [0x0000000642400000, 0x0000000800000000)
  region size 1024K, 7 young (7168K), 7 survivors (7168K)
 Metaspace       used 20909K, capacity 21197K, committed 21248K, reserved 1069056K
  class space    used 2212K, capacity 2299K, committed 2304K, reserved 1048576K
}
Event: 1.222 GC heap before
{Heap before GC invocations=3 (full 0):
 garbage-first heap   total 456704K, used 69703K [0x0000000642400000, 0x0000000800000000)
  region size 1024K, 55 young (56320K), 7 survivors (7168K)
 Metaspace       used 31691K, capacity 32245K, committed 32512K, reserved 1077248K
  class space    used 3786K, capacity 4005K, committed 4096K, reserved 1048576K
}
Event: 1.228 GC heap after
{Heap after GC invocations=4 (full 0):
 garbage-first heap   total 456704K, used 32504K [0x0000000642400000, 0x0000000800000000)
  region size 1024K, 7 young (7168K), 7 survivors (7168K)
 Metaspace       used 31691K, capacity 32245K, committed 32512K, reserved 1077248K
  class space    used 3786K, capacity 4005K, committed 4096K, reserved 1048576K
}
Event: 1.283 GC heap before
{Heap before GC invocations=4 (full 0):
 garbage-first heap   total 456704K, used 46840K [0x0000000642400000, 0x0000000800000000)
  region size 1024K, 22 young (22528K), 7 survivors (7168K)
 Metaspace       used 31826K, capacity 32382K, committed 32768K, reserved 1077248K
  class space    used 3791K, capacity 4007K, committed 4096K, reserved 1048576K
}
Event: 1.287 GC heap after
{Heap after GC invocations=5 (full 0):
 garbage-first heap   total 456704K, used 38161K [0x0000000642400000, 0x0000000800000000)
  region size 1024K, 3 young (3072K), 3 survivors (3072K)
 Metaspace       used 31826K, capacity 32382K, committed 32768K, reserved 1077248K
  class space    used 3791K, capacity 4007K, committed 4096K, reserved 1048576K
}
Event: 1.550 GC heap before
{Heap before GC invocations=5 (full 0):
 garbage-first heap   total 456704K, used 69905K [0x0000000642400000, 0x0000000800000000)
  region size 1024K, 34 young (34816K), 3 survivors (3072K)
 Metaspace       used 35069K, capacity 35619K, committed 35840K, reserved 1081344K
  class space    used 4292K, capacity 4527K, committed 4608K, reserved 1048576K
}
Event: 1.553 GC heap after
{Heap after GC invocations=6 (full 0):
 garbage-first heap   total 456704K, used 36904K [0x0000000642400000, 0x0000000800000000)
  region size 1024K, 8 young (8192K), 8 survivors (8192K)
 Metaspace       used 35069K, capacity 35619K, committed 35840K, reserved 1081344K
  class space    used 4292K, capacity 4527K, committed 4608K, reserved 1048576K
}
Event: 2.115 GC heap before
{Heap before GC invocations=7 (full 0):
 garbage-first heap   total 456704K, used 103464K [0x0000000642400000, 0x0000000800000000)
  region size 1024K, 66 young (67584K), 8 survivors (8192K)
 Metaspace       used 45991K, capacity 46597K, committed 46976K, reserved 1091584K
  class space    used 5409K, capacity 5640K, committed 5760K, reserved 1048576K
}

